The system is: Darwin - 19.3.0 - x86_64
Compiling the C compiler identification source file "CMakeCCompilerId.c" succeeded.
Compiler: /usr/local/Cellar/gcc@4.9/4.9.4_1/bin/gcc-4.9 
Build flags: 
Id flags:  

The output was:
0


Compilation of the C compiler identification source "CMakeCCompilerId.c" produced "a.out"

The C compiler identification is GNU, found in "/Users/ginray/CLionProjects/huawei_contest/cmake-build-debug/CMakeFiles/3.12.1/CompilerIdC/a.out"

Compiling the CXX compiler identification source file "CMakeCXXCompilerId.cpp" succeeded.
Compiler: /usr/local/Cellar/gcc@4.9/4.9.4_1/bin/g++-4.9 
Build flags: 
Id flags:  

The output was:
0


Compilation of the CXX compiler identification source "CMakeCXXCompilerId.cpp" produced "a.out"

The CXX compiler identification is GNU, found in "/Users/ginray/CLionProjects/huawei_contest/cmake-build-debug/CMakeFiles/3.12.1/CompilerIdCXX/a.out"

Determining if the C compiler works passed with the following output:
Change Dir: /Users/ginray/CLionProjects/huawei_contest/cmake-build-debug/CMakeFiles/CMakeTmp

Run Build Command:"/usr/bin/make" "cmTC_06eb4/fast"
/Library/Developer/CommandLineTools/usr/bin/make -f CMakeFiles/cmTC_06eb4.dir/build.make CMakeFiles/cmTC_06eb4.dir/build
Building C object CMakeFiles/cmTC_06eb4.dir/testCCompiler.c.o
/usr/local/Cellar/gcc@4.9/4.9.4_1/bin/gcc-4.9   -isysroot /Library/Developer/CommandLineTools/SDKs/MacOSX10.15.sdk   -o CMakeFiles/cmTC_06eb4.dir/testCCompiler.c.o   -c /Users/ginray/CLionProjects/huawei_contest/cmake-build-debug/CMakeFiles/CMakeTmp/testCCompiler.c
Linking C executable cmTC_06eb4
/Applications/CLion.app/Contents/bin/cmake/mac/bin/cmake -E cmake_link_script CMakeFiles/cmTC_06eb4.dir/link.txt --verbose=1
/usr/local/Cellar/gcc@4.9/4.9.4_1/bin/gcc-4.9   -isysroot /Library/Developer/CommandLineTools/SDKs/MacOSX10.15.sdk -Wl,-search_paths_first -Wl,-headerpad_max_install_names   CMakeFiles/cmTC_06eb4.dir/testCCompiler.c.o  -o cmTC_06eb4 


Detecting C compiler ABI info compiled with the following output:
Change Dir: /Users/ginray/CLionProjects/huawei_contest/cmake-build-debug/CMakeFiles/CMakeTmp

Run Build Command:"/usr/bin/make" "cmTC_0b48a/fast"
/Library/Developer/CommandLineTools/usr/bin/make -f CMakeFiles/cmTC_0b48a.dir/build.make CMakeFiles/cmTC_0b48a.dir/build
Building C object CMakeFiles/cmTC_0b48a.dir/CMakeCCompilerABI.c.o
/usr/local/Cellar/gcc@4.9/4.9.4_1/bin/gcc-4.9   -isysroot /Library/Developer/CommandLineTools/SDKs/MacOSX10.15.sdk   -o CMakeFiles/cmTC_0b48a.dir/CMakeCCompilerABI.c.o   -c /Applications/CLion.app/Contents/bin/cmake/mac/share/cmake-3.12/Modules/CMakeCCompilerABI.c
Linking C executable cmTC_0b48a
/Applications/CLion.app/Contents/bin/cmake/mac/bin/cmake -E cmake_link_script CMakeFiles/cmTC_0b48a.dir/link.txt --verbose=1
/usr/local/Cellar/gcc@4.9/4.9.4_1/bin/gcc-4.9   -isysroot /Library/Developer/CommandLineTools/SDKs/MacOSX10.15.sdk -Wl,-search_paths_first -Wl,-headerpad_max_install_names  -v -Wl,-v CMakeFiles/cmTC_0b48a.dir/CMakeCCompilerABI.c.o  -o cmTC_0b48a 
Using built-in specs.
COLLECT_GCC=/usr/local/Cellar/gcc@4.9/4.9.4_1/bin/gcc-4.9
COLLECT_LTO_WRAPPER=/usr/local/Cellar/gcc@4.9/4.9.4_1/libexec/gcc/x86_64-apple-darwin17.3.0/4.9.4/lto-wrapper
Target: x86_64-apple-darwin17.3.0
Configured with: ../configure --build=x86_64-apple-darwin17.3.0 --prefix=/usr/local/Cellar/gcc@4.9/4.9.4_1 --libdir=/usr/local/Cellar/gcc@4.9/4.9.4_1/lib/gcc/4.9 --enable-languages=c,c++,objc,obj-c++,fortran --program-suffix=-4.9 --with-system-zlib --enable-libstdcxx-time=yes --enable-stage1-checking --enable-checking=release --enable-lto --enable-plugin --with-build-config=bootstrap-debug --disable-werror --with-pkgversion='Homebrew GCC 4.9.4_1' --with-bugurl=https://github.com/Homebrew/homebrew-core/issues MAKEINFO=missing --disable-nls --enable-multilib
Thread model: posix
gcc version 4.9.4 (Homebrew GCC 4.9.4_1) 
COMPILER_PATH=/usr/local/Cellar/gcc@4.9/4.9.4_1/libexec/gcc/x86_64-apple-darwin17.3.0/4.9.4/:/usr/local/Cellar/gcc@4.9/4.9.4_1/libexec/gcc/x86_64-apple-darwin17.3.0/4.9.4/:/usr/local/Cellar/gcc@4.9/4.9.4_1/libexec/gcc/x86_64-apple-darwin17.3.0/:/usr/local/Cellar/gcc@4.9/4.9.4_1/lib/gcc/4.9/gcc/x86_64-apple-darwin17.3.0/4.9.4/:/usr/local/Cellar/gcc@4.9/4.9.4_1/lib/gcc/4.9/gcc/x86_64-apple-darwin17.3.0/
LIBRARY_PATH=/usr/local/Cellar/gcc@4.9/4.9.4_1/lib/gcc/4.9/gcc/x86_64-apple-darwin17.3.0/4.9.4/:/usr/local/Cellar/gcc@4.9/4.9.4_1/lib/gcc/4.9/gcc/x86_64-apple-darwin17.3.0/4.9.4/../../../:/usr/lib/
COLLECT_GCC_OPTIONS='-mmacosx-version-min=10.15.3' '-isysroot' '/Library/Developer/CommandLineTools/SDKs/MacOSX10.15.sdk' '-v' '-o' 'cmTC_0b48a' '-mtune=core2'
 /usr/local/Cellar/gcc@4.9/4.9.4_1/libexec/gcc/x86_64-apple-darwin17.3.0/4.9.4/collect2 -dynamic -arch x86_64 -macosx_version_min 10.15.3 -syslibroot /Library/Developer/CommandLineTools/SDKs/MacOSX10.15.sdk -weak_reference_mismatches non-weak -o cmTC_0b48a -L/usr/local/Cellar/gcc@4.9/4.9.4_1/lib/gcc/4.9/gcc/x86_64-apple-darwin17.3.0/4.9.4 -L/usr/local/Cellar/gcc@4.9/4.9.4_1/lib/gcc/4.9/gcc/x86_64-apple-darwin17.3.0/4.9.4/../../.. -search_paths_first -headerpad_max_install_names -v CMakeFiles/cmTC_0b48a.dir/CMakeCCompilerABI.c.o -no_compact_unwind -lSystem -lgcc_ext.10.5 -lgcc -lSystem -v
collect2 version 4.9.4
/usr/bin/ld -dynamic -arch x86_64 -macosx_version_min 10.15.3 -syslibroot /Library/Developer/CommandLineTools/SDKs/MacOSX10.15.sdk -weak_reference_mismatches non-weak -o cmTC_0b48a -L/usr/local/Cellar/gcc@4.9/4.9.4_1/lib/gcc/4.9/gcc/x86_64-apple-darwin17.3.0/4.9.4 -L/usr/local/Cellar/gcc@4.9/4.9.4_1/lib/gcc/4.9/gcc/x86_64-apple-darwin17.3.0/4.9.4/../../.. -search_paths_first -headerpad_max_install_names -v CMakeFiles/cmTC_0b48a.dir/CMakeCCompilerABI.c.o -no_compact_unwind -lSystem -lgcc_ext.10.5 -lgcc -lSystem -v
@(#)PROGRAM:ld  PROJECT:ld64-512.4
BUILD 05:06:53 Aug 16 2019
configured to support archs: armv6 armv7 armv7s arm64 arm64e arm64_32 i386 x86_64 x86_64h armv6m armv7k armv7m armv7em
@(#)PROGRAM:ld  PROJECT:ld64-512.4
BUILD 05:06:53 Aug 16 2019
configured to support archs: armv6 armv7 armv7s arm64 arm64e arm64_32 i386 x86_64 x86_64h armv6m armv7k armv7m armv7em
Library search paths:
	/usr/local/Cellar/gcc@4.9/4.9.4_1/lib/gcc/4.9/gcc/x86_64-apple-darwin17.3.0/4.9.4
	/usr/local/Cellar/gcc@4.9/4.9.4_1/lib/gcc/4.9
	/Library/Developer/CommandLineTools/SDKs/MacOSX10.15.sdk/usr/lib
Framework search paths:
	/Library/Developer/CommandLineTools/SDKs/MacOSX10.15.sdk/System/Library/Frameworks/
 /usr/bin/nm -n CMakeFiles/cmTC_0b48a.dir/CMakeCCompilerABI.c.o


Parsed C implicit link information from above output:
  link line regex: [^( *|.*[/\])(ld|CMAKE_LINK_STARTFILE-NOTFOUND|([^/\]+-)?ld|collect2)[^/\]*( |$)]
  ignore line: [Change Dir: /Users/ginray/CLionProjects/huawei_contest/cmake-build-debug/CMakeFiles/CMakeTmp]
  ignore line: []
  ignore line: [Run Build Command:"/usr/bin/make" "cmTC_0b48a/fast"]
  ignore line: [/Library/Developer/CommandLineTools/usr/bin/make -f CMakeFiles/cmTC_0b48a.dir/build.make CMakeFiles/cmTC_0b48a.dir/build]
  ignore line: [Building C object CMakeFiles/cmTC_0b48a.dir/CMakeCCompilerABI.c.o]
  ignore line: [/usr/local/Cellar/gcc@4.9/4.9.4_1/bin/gcc-4.9   -isysroot /Library/Developer/CommandLineTools/SDKs/MacOSX10.15.sdk   -o CMakeFiles/cmTC_0b48a.dir/CMakeCCompilerABI.c.o   -c /Applications/CLion.app/Contents/bin/cmake/mac/share/cmake-3.12/Modules/CMakeCCompilerABI.c]
  ignore line: [Linking C executable cmTC_0b48a]
  ignore line: [/Applications/CLion.app/Contents/bin/cmake/mac/bin/cmake -E cmake_link_script CMakeFiles/cmTC_0b48a.dir/link.txt --verbose=1]
  ignore line: [/usr/local/Cellar/gcc@4.9/4.9.4_1/bin/gcc-4.9   -isysroot /Library/Developer/CommandLineTools/SDKs/MacOSX10.15.sdk -Wl,-search_paths_first -Wl,-headerpad_max_install_names  -v -Wl,-v CMakeFiles/cmTC_0b48a.dir/CMakeCCompilerABI.c.o  -o cmTC_0b48a ]
  ignore line: [Using built-in specs.]
  ignore line: [COLLECT_GCC=/usr/local/Cellar/gcc@4.9/4.9.4_1/bin/gcc-4.9]
  ignore line: [COLLECT_LTO_WRAPPER=/usr/local/Cellar/gcc@4.9/4.9.4_1/libexec/gcc/x86_64-apple-darwin17.3.0/4.9.4/lto-wrapper]
  ignore line: [Target: x86_64-apple-darwin17.3.0]
  ignore line: [Configured with: ../configure --build=x86_64-apple-darwin17.3.0 --prefix=/usr/local/Cellar/gcc@4.9/4.9.4_1 --libdir=/usr/local/Cellar/gcc@4.9/4.9.4_1/lib/gcc/4.9 --enable-languages=c,c++,objc,obj-c++,fortran --program-suffix=-4.9 --with-system-zlib --enable-libstdcxx-time=yes --enable-stage1-checking --enable-checking=release --enable-lto --enable-plugin --with-build-config=bootstrap-debug --disable-werror --with-pkgversion='Homebrew GCC 4.9.4_1' --with-bugurl=https://github.com/Homebrew/homebrew-core/issues MAKEINFO=missing --disable-nls --enable-multilib]
  ignore line: [Thread model: posix]
  ignore line: [gcc version 4.9.4 (Homebrew GCC 4.9.4_1) ]
  ignore line: [COMPILER_PATH=/usr/local/Cellar/gcc@4.9/4.9.4_1/libexec/gcc/x86_64-apple-darwin17.3.0/4.9.4/:/usr/local/Cellar/gcc@4.9/4.9.4_1/libexec/gcc/x86_64-apple-darwin17.3.0/4.9.4/:/usr/local/Cellar/gcc@4.9/4.9.4_1/libexec/gcc/x86_64-apple-darwin17.3.0/:/usr/local/Cellar/gcc@4.9/4.9.4_1/lib/gcc/4.9/gcc/x86_64-apple-darwin17.3.0/4.9.4/:/usr/local/Cellar/gcc@4.9/4.9.4_1/lib/gcc/4.9/gcc/x86_64-apple-darwin17.3.0/]
  ignore line: [LIBRARY_PATH=/usr/local/Cellar/gcc@4.9/4.9.4_1/lib/gcc/4.9/gcc/x86_64-apple-darwin17.3.0/4.9.4/:/usr/local/Cellar/gcc@4.9/4.9.4_1/lib/gcc/4.9/gcc/x86_64-apple-darwin17.3.0/4.9.4/../../../:/usr/lib/]
  ignore line: [COLLECT_GCC_OPTIONS='-mmacosx-version-min=10.15.3' '-isysroot' '/Library/Developer/CommandLineTools/SDKs/MacOSX10.15.sdk' '-v' '-o' 'cmTC_0b48a' '-mtune=core2']
  link line: [ /usr/local/Cellar/gcc@4.9/4.9.4_1/libexec/gcc/x86_64-apple-darwin17.3.0/4.9.4/collect2 -dynamic -arch x86_64 -macosx_version_min 10.15.3 -syslibroot /Library/Developer/CommandLineTools/SDKs/MacOSX10.15.sdk -weak_reference_mismatches non-weak -o cmTC_0b48a -L/usr/local/Cellar/gcc@4.9/4.9.4_1/lib/gcc/4.9/gcc/x86_64-apple-darwin17.3.0/4.9.4 -L/usr/local/Cellar/gcc@4.9/4.9.4_1/lib/gcc/4.9/gcc/x86_64-apple-darwin17.3.0/4.9.4/../../.. -search_paths_first -headerpad_max_install_names -v CMakeFiles/cmTC_0b48a.dir/CMakeCCompilerABI.c.o -no_compact_unwind -lSystem -lgcc_ext.10.5 -lgcc -lSystem -v]
    arg [/usr/local/Cellar/gcc@4.9/4.9.4_1/libexec/gcc/x86_64-apple-darwin17.3.0/4.9.4/collect2] ==> ignore
    arg [-dynamic] ==> ignore
    arg [-arch] ==> ignore
    arg [x86_64] ==> ignore
    arg [-macosx_version_min] ==> ignore
    arg [10.15.3] ==> ignore
    arg [-syslibroot] ==> ignore
    arg [/Library/Developer/CommandLineTools/SDKs/MacOSX10.15.sdk] ==> ignore
    arg [-weak_reference_mismatches] ==> ignore
    arg [non-weak] ==> ignore
    arg [-o] ==> ignore
    arg [cmTC_0b48a] ==> ignore
    arg [-L/usr/local/Cellar/gcc@4.9/4.9.4_1/lib/gcc/4.9/gcc/x86_64-apple-darwin17.3.0/4.9.4] ==> dir [/usr/local/Cellar/gcc@4.9/4.9.4_1/lib/gcc/4.9/gcc/x86_64-apple-darwin17.3.0/4.9.4]
    arg [-L/usr/local/Cellar/gcc@4.9/4.9.4_1/lib/gcc/4.9/gcc/x86_64-apple-darwin17.3.0/4.9.4/../../..] ==> dir [/usr/local/Cellar/gcc@4.9/4.9.4_1/lib/gcc/4.9/gcc/x86_64-apple-darwin17.3.0/4.9.4/../../..]
    arg [-search_paths_first] ==> ignore
    arg [-headerpad_max_install_names] ==> ignore
    arg [-v] ==> ignore
    arg [CMakeFiles/cmTC_0b48a.dir/CMakeCCompilerABI.c.o] ==> ignore
    arg [-no_compact_unwind] ==> ignore
    arg [-lSystem] ==> lib [System]
    arg [-lgcc_ext.10.5] ==> lib [gcc_ext.10.5]
    arg [-lgcc] ==> lib [gcc]
    arg [-lSystem] ==> lib [System]
    arg [-v] ==> ignore
  Library search paths: [;/usr/local/Cellar/gcc@4.9/4.9.4_1/lib/gcc/4.9/gcc/x86_64-apple-darwin17.3.0/4.9.4;/usr/local/Cellar/gcc@4.9/4.9.4_1/lib/gcc/4.9;/Library/Developer/CommandLineTools/SDKs/MacOSX10.15.sdk/usr/lib]
  Framework search paths: [;/Library/Developer/CommandLineTools/SDKs/MacOSX10.15.sdk/System/Library/Frameworks/]
  remove lib [System]
  remove lib [System]
  collapse library dir [/usr/local/Cellar/gcc@4.9/4.9.4_1/lib/gcc/4.9/gcc/x86_64-apple-darwin17.3.0/4.9.4] ==> [/usr/local/Cellar/gcc@4.9/4.9.4_1/lib/gcc/4.9/gcc/x86_64-apple-darwin17.3.0/4.9.4]
  collapse library dir [/usr/local/Cellar/gcc@4.9/4.9.4_1/lib/gcc/4.9/gcc/x86_64-apple-darwin17.3.0/4.9.4/../../..] ==> [/usr/local/Cellar/gcc@4.9/4.9.4_1/lib/gcc/4.9]
  collapse library dir [/usr/local/Cellar/gcc@4.9/4.9.4_1/lib/gcc/4.9/gcc/x86_64-apple-darwin17.3.0/4.9.4] ==> [/usr/local/Cellar/gcc@4.9/4.9.4_1/lib/gcc/4.9/gcc/x86_64-apple-darwin17.3.0/4.9.4]
  collapse library dir [/usr/local/Cellar/gcc@4.9/4.9.4_1/lib/gcc/4.9] ==> [/usr/local/Cellar/gcc@4.9/4.9.4_1/lib/gcc/4.9]
  collapse library dir [/Library/Developer/CommandLineTools/SDKs/MacOSX10.15.sdk/usr/lib] ==> [/Library/Developer/CommandLineTools/SDKs/MacOSX10.15.sdk/usr/lib]
  collapse framework dir [/Library/Developer/CommandLineTools/SDKs/MacOSX10.15.sdk/System/Library/Frameworks/] ==> [/Library/Developer/CommandLineTools/SDKs/MacOSX10.15.sdk/System/Library/Frameworks]
  implicit libs: [gcc_ext.10.5;gcc]
  implicit dirs: [/usr/local/Cellar/gcc@4.9/4.9.4_1/lib/gcc/4.9/gcc/x86_64-apple-darwin17.3.0/4.9.4;/usr/local/Cellar/gcc@4.9/4.9.4_1/lib/gcc/4.9;/Library/Developer/CommandLineTools/SDKs/MacOSX10.15.sdk/usr/lib]
  implicit fwks: [/Library/Developer/CommandLineTools/SDKs/MacOSX10.15.sdk/System/Library/Frameworks]




Detecting C [-std=c11] compiler features compiled with the following output:
Change Dir: /Users/ginray/CLionProjects/huawei_contest/cmake-build-debug/CMakeFiles/CMakeTmp

Run Build Command:"/usr/bin/make" "cmTC_b2565/fast"
/Library/Developer/CommandLineTools/usr/bin/make -f CMakeFiles/cmTC_b2565.dir/build.make CMakeFiles/cmTC_b2565.dir/build
Building C object CMakeFiles/cmTC_b2565.dir/feature_tests.c.o
/usr/local/Cellar/gcc@4.9/4.9.4_1/bin/gcc-4.9   -isysroot /Library/Developer/CommandLineTools/SDKs/MacOSX10.15.sdk   -std=c11 -o CMakeFiles/cmTC_b2565.dir/feature_tests.c.o   -c /Users/ginray/CLionProjects/huawei_contest/cmake-build-debug/CMakeFiles/feature_tests.c
Linking C executable cmTC_b2565
/Applications/CLion.app/Contents/bin/cmake/mac/bin/cmake -E cmake_link_script CMakeFiles/cmTC_b2565.dir/link.txt --verbose=1
/usr/local/Cellar/gcc@4.9/4.9.4_1/bin/gcc-4.9   -isysroot /Library/Developer/CommandLineTools/SDKs/MacOSX10.15.sdk -Wl,-search_paths_first -Wl,-headerpad_max_install_names   CMakeFiles/cmTC_b2565.dir/feature_tests.c.o  -o cmTC_b2565 


    Feature record: C_FEATURE:1c_function_prototypes
    Feature record: C_FEATURE:1c_restrict
    Feature record: C_FEATURE:1c_static_assert
    Feature record: C_FEATURE:1c_variadic_macros


Detecting C [-std=c99] compiler features compiled with the following output:
Change Dir: /Users/ginray/CLionProjects/huawei_contest/cmake-build-debug/CMakeFiles/CMakeTmp

Run Build Command:"/usr/bin/make" "cmTC_2e259/fast"
/Library/Developer/CommandLineTools/usr/bin/make -f CMakeFiles/cmTC_2e259.dir/build.make CMakeFiles/cmTC_2e259.dir/build
Building C object CMakeFiles/cmTC_2e259.dir/feature_tests.c.o
/usr/local/Cellar/gcc@4.9/4.9.4_1/bin/gcc-4.9   -isysroot /Library/Developer/CommandLineTools/SDKs/MacOSX10.15.sdk   -std=c99 -o CMakeFiles/cmTC_2e259.dir/feature_tests.c.o   -c /Users/ginray/CLionProjects/huawei_contest/cmake-build-debug/CMakeFiles/feature_tests.c
Linking C executable cmTC_2e259
/Applications/CLion.app/Contents/bin/cmake/mac/bin/cmake -E cmake_link_script CMakeFiles/cmTC_2e259.dir/link.txt --verbose=1
/usr/local/Cellar/gcc@4.9/4.9.4_1/bin/gcc-4.9   -isysroot /Library/Developer/CommandLineTools/SDKs/MacOSX10.15.sdk -Wl,-search_paths_first -Wl,-headerpad_max_install_names   CMakeFiles/cmTC_2e259.dir/feature_tests.c.o  -o cmTC_2e259 


    Feature record: C_FEATURE:1c_function_prototypes
    Feature record: C_FEATURE:1c_restrict
    Feature record: C_FEATURE:0c_static_assert
    Feature record: C_FEATURE:1c_variadic_macros


Detecting C [-std=c90] compiler features compiled with the following output:
Change Dir: /Users/ginray/CLionProjects/huawei_contest/cmake-build-debug/CMakeFiles/CMakeTmp

Run Build Command:"/usr/bin/make" "cmTC_f1667/fast"
/Library/Developer/CommandLineTools/usr/bin/make -f CMakeFiles/cmTC_f1667.dir/build.make CMakeFiles/cmTC_f1667.dir/build
Building C object CMakeFiles/cmTC_f1667.dir/feature_tests.c.o
/usr/local/Cellar/gcc@4.9/4.9.4_1/bin/gcc-4.9   -isysroot /Library/Developer/CommandLineTools/SDKs/MacOSX10.15.sdk   -std=c90 -o CMakeFiles/cmTC_f1667.dir/feature_tests.c.o   -c /Users/ginray/CLionProjects/huawei_contest/cmake-build-debug/CMakeFiles/feature_tests.c
Linking C executable cmTC_f1667
/Applications/CLion.app/Contents/bin/cmake/mac/bin/cmake -E cmake_link_script CMakeFiles/cmTC_f1667.dir/link.txt --verbose=1
/usr/local/Cellar/gcc@4.9/4.9.4_1/bin/gcc-4.9   -isysroot /Library/Developer/CommandLineTools/SDKs/MacOSX10.15.sdk -Wl,-search_paths_first -Wl,-headerpad_max_install_names   CMakeFiles/cmTC_f1667.dir/feature_tests.c.o  -o cmTC_f1667 


    Feature record: C_FEATURE:1c_function_prototypes
    Feature record: C_FEATURE:0c_restrict
    Feature record: C_FEATURE:0c_static_assert
    Feature record: C_FEATURE:0c_variadic_macros
Determining if the CXX compiler works passed with the following output:
Change Dir: /Users/ginray/CLionProjects/huawei_contest/cmake-build-debug/CMakeFiles/CMakeTmp

Run Build Command:"/usr/bin/make" "cmTC_29010/fast"
/Library/Developer/CommandLineTools/usr/bin/make -f CMakeFiles/cmTC_29010.dir/build.make CMakeFiles/cmTC_29010.dir/build
Building CXX object CMakeFiles/cmTC_29010.dir/testCXXCompiler.cxx.o
/usr/local/Cellar/gcc@4.9/4.9.4_1/bin/g++-4.9    -isysroot /Library/Developer/CommandLineTools/SDKs/MacOSX10.15.sdk   -o CMakeFiles/cmTC_29010.dir/testCXXCompiler.cxx.o -c /Users/ginray/CLionProjects/huawei_contest/cmake-build-debug/CMakeFiles/CMakeTmp/testCXXCompiler.cxx
Linking CXX executable cmTC_29010
/Applications/CLion.app/Contents/bin/cmake/mac/bin/cmake -E cmake_link_script CMakeFiles/cmTC_29010.dir/link.txt --verbose=1
/usr/local/Cellar/gcc@4.9/4.9.4_1/bin/g++-4.9    -isysroot /Library/Developer/CommandLineTools/SDKs/MacOSX10.15.sdk -Wl,-search_paths_first -Wl,-headerpad_max_install_names   CMakeFiles/cmTC_29010.dir/testCXXCompiler.cxx.o  -o cmTC_29010 


Detecting CXX compiler ABI info compiled with the following output:
Change Dir: /Users/ginray/CLionProjects/huawei_contest/cmake-build-debug/CMakeFiles/CMakeTmp

Run Build Command:"/usr/bin/make" "cmTC_dfd5c/fast"
/Library/Developer/CommandLineTools/usr/bin/make -f CMakeFiles/cmTC_dfd5c.dir/build.make CMakeFiles/cmTC_dfd5c.dir/build
Building CXX object CMakeFiles/cmTC_dfd5c.dir/CMakeCXXCompilerABI.cpp.o
/usr/local/Cellar/gcc@4.9/4.9.4_1/bin/g++-4.9    -isysroot /Library/Developer/CommandLineTools/SDKs/MacOSX10.15.sdk   -o CMakeFiles/cmTC_dfd5c.dir/CMakeCXXCompilerABI.cpp.o -c /Applications/CLion.app/Contents/bin/cmake/mac/share/cmake-3.12/Modules/CMakeCXXCompilerABI.cpp
Linking CXX executable cmTC_dfd5c
/Applications/CLion.app/Contents/bin/cmake/mac/bin/cmake -E cmake_link_script CMakeFiles/cmTC_dfd5c.dir/link.txt --verbose=1
/usr/local/Cellar/gcc@4.9/4.9.4_1/bin/g++-4.9    -isysroot /Library/Developer/CommandLineTools/SDKs/MacOSX10.15.sdk -Wl,-search_paths_first -Wl,-headerpad_max_install_names  -v -Wl,-v CMakeFiles/cmTC_dfd5c.dir/CMakeCXXCompilerABI.cpp.o  -o cmTC_dfd5c 
Using built-in specs.
COLLECT_GCC=/usr/local/Cellar/gcc@4.9/4.9.4_1/bin/g++-4.9
COLLECT_LTO_WRAPPER=/usr/local/Cellar/gcc@4.9/4.9.4_1/libexec/gcc/x86_64-apple-darwin17.3.0/4.9.4/lto-wrapper
Target: x86_64-apple-darwin17.3.0
Configured with: ../configure --build=x86_64-apple-darwin17.3.0 --prefix=/usr/local/Cellar/gcc@4.9/4.9.4_1 --libdir=/usr/local/Cellar/gcc@4.9/4.9.4_1/lib/gcc/4.9 --enable-languages=c,c++,objc,obj-c++,fortran --program-suffix=-4.9 --with-system-zlib --enable-libstdcxx-time=yes --enable-stage1-checking --enable-checking=release --enable-lto --enable-plugin --with-build-config=bootstrap-debug --disable-werror --with-pkgversion='Homebrew GCC 4.9.4_1' --with-bugurl=https://github.com/Homebrew/homebrew-core/issues MAKEINFO=missing --disable-nls --enable-multilib
Thread model: posix
gcc version 4.9.4 (Homebrew GCC 4.9.4_1) 
COMPILER_PATH=/usr/local/Cellar/gcc@4.9/4.9.4_1/libexec/gcc/x86_64-apple-darwin17.3.0/4.9.4/:/usr/local/Cellar/gcc@4.9/4.9.4_1/libexec/gcc/x86_64-apple-darwin17.3.0/4.9.4/:/usr/local/Cellar/gcc@4.9/4.9.4_1/libexec/gcc/x86_64-apple-darwin17.3.0/:/usr/local/Cellar/gcc@4.9/4.9.4_1/lib/gcc/4.9/gcc/x86_64-apple-darwin17.3.0/4.9.4/:/usr/local/Cellar/gcc@4.9/4.9.4_1/lib/gcc/4.9/gcc/x86_64-apple-darwin17.3.0/
LIBRARY_PATH=/usr/local/Cellar/gcc@4.9/4.9.4_1/lib/gcc/4.9/gcc/x86_64-apple-darwin17.3.0/4.9.4/:/usr/local/Cellar/gcc@4.9/4.9.4_1/lib/gcc/4.9/gcc/x86_64-apple-darwin17.3.0/4.9.4/../../../:/usr/lib/
COLLECT_GCC_OPTIONS='-mmacosx-version-min=10.15.3' '-isysroot' '/Library/Developer/CommandLineTools/SDKs/MacOSX10.15.sdk' '-v' '-o' 'cmTC_dfd5c' '-shared-libgcc' '-mtune=core2'
 /usr/local/Cellar/gcc@4.9/4.9.4_1/libexec/gcc/x86_64-apple-darwin17.3.0/4.9.4/collect2 -dynamic -arch x86_64 -macosx_version_min 10.15.3 -syslibroot /Library/Developer/CommandLineTools/SDKs/MacOSX10.15.sdk -weak_reference_mismatches non-weak -o cmTC_dfd5c -L/usr/local/Cellar/gcc@4.9/4.9.4_1/lib/gcc/4.9/gcc/x86_64-apple-darwin17.3.0/4.9.4 -L/usr/local/Cellar/gcc@4.9/4.9.4_1/lib/gcc/4.9/gcc/x86_64-apple-darwin17.3.0/4.9.4/../../.. -search_paths_first -headerpad_max_install_names -v CMakeFiles/cmTC_dfd5c.dir/CMakeCXXCompilerABI.cpp.o -lstdc++ -no_compact_unwind -lSystem -lgcc_ext.10.5 -lgcc -lSystem -v
collect2 version 4.9.4
/usr/bin/ld -dynamic -arch x86_64 -macosx_version_min 10.15.3 -syslibroot /Library/Developer/CommandLineTools/SDKs/MacOSX10.15.sdk -weak_reference_mismatches non-weak -o cmTC_dfd5c -L/usr/local/Cellar/gcc@4.9/4.9.4_1/lib/gcc/4.9/gcc/x86_64-apple-darwin17.3.0/4.9.4 -L/usr/local/Cellar/gcc@4.9/4.9.4_1/lib/gcc/4.9/gcc/x86_64-apple-darwin17.3.0/4.9.4/../../.. -search_paths_first -headerpad_max_install_names -v CMakeFiles/cmTC_dfd5c.dir/CMakeCXXCompilerABI.cpp.o -lstdc++ -no_compact_unwind -lSystem -lgcc_ext.10.5 -lgcc -lSystem -v
@(#)PROGRAM:ld  PROJECT:ld64-512.4
BUILD 05:06:53 Aug 16 2019
configured to support archs: armv6 armv7 armv7s arm64 arm64e arm64_32 i386 x86_64 x86_64h armv6m armv7k armv7m armv7em
@(#)PROGRAM:ld  PROJECT:ld64-512.4
BUILD 05:06:53 Aug 16 2019
configured to support archs: armv6 armv7 armv7s arm64 arm64e arm64_32 i386 x86_64 x86_64h armv6m armv7k armv7m armv7em
Library search paths:
	/usr/local/Cellar/gcc@4.9/4.9.4_1/lib/gcc/4.9/gcc/x86_64-apple-darwin17.3.0/4.9.4
	/usr/local/Cellar/gcc@4.9/4.9.4_1/lib/gcc/4.9
	/Library/Developer/CommandLineTools/SDKs/MacOSX10.15.sdk/usr/lib
Framework search paths:
	/Library/Developer/CommandLineTools/SDKs/MacOSX10.15.sdk/System/Library/Frameworks/
 /usr/bin/nm -n CMakeFiles/cmTC_dfd5c.dir/CMakeCXXCompilerABI.cpp.o


Parsed CXX implicit link information from above output:
  link line regex: [^( *|.*[/\])(ld|CMAKE_LINK_STARTFILE-NOTFOUND|([^/\]+-)?ld|collect2)[^/\]*( |$)]
  ignore line: [Change Dir: /Users/ginray/CLionProjects/huawei_contest/cmake-build-debug/CMakeFiles/CMakeTmp]
  ignore line: []
  ignore line: [Run Build Command:"/usr/bin/make" "cmTC_dfd5c/fast"]
  ignore line: [/Library/Developer/CommandLineTools/usr/bin/make -f CMakeFiles/cmTC_dfd5c.dir/build.make CMakeFiles/cmTC_dfd5c.dir/build]
  ignore line: [Building CXX object CMakeFiles/cmTC_dfd5c.dir/CMakeCXXCompilerABI.cpp.o]
  ignore line: [/usr/local/Cellar/gcc@4.9/4.9.4_1/bin/g++-4.9    -isysroot /Library/Developer/CommandLineTools/SDKs/MacOSX10.15.sdk   -o CMakeFiles/cmTC_dfd5c.dir/CMakeCXXCompilerABI.cpp.o -c /Applications/CLion.app/Contents/bin/cmake/mac/share/cmake-3.12/Modules/CMakeCXXCompilerABI.cpp]
  ignore line: [Linking CXX executable cmTC_dfd5c]
  ignore line: [/Applications/CLion.app/Contents/bin/cmake/mac/bin/cmake -E cmake_link_script CMakeFiles/cmTC_dfd5c.dir/link.txt --verbose=1]
  ignore line: [/usr/local/Cellar/gcc@4.9/4.9.4_1/bin/g++-4.9    -isysroot /Library/Developer/CommandLineTools/SDKs/MacOSX10.15.sdk -Wl,-search_paths_first -Wl,-headerpad_max_install_names  -v -Wl,-v CMakeFiles/cmTC_dfd5c.dir/CMakeCXXCompilerABI.cpp.o  -o cmTC_dfd5c ]
  ignore line: [Using built-in specs.]
  ignore line: [COLLECT_GCC=/usr/local/Cellar/gcc@4.9/4.9.4_1/bin/g++-4.9]
  ignore line: [COLLECT_LTO_WRAPPER=/usr/local/Cellar/gcc@4.9/4.9.4_1/libexec/gcc/x86_64-apple-darwin17.3.0/4.9.4/lto-wrapper]
  ignore line: [Target: x86_64-apple-darwin17.3.0]
  ignore line: [Configured with: ../configure --build=x86_64-apple-darwin17.3.0 --prefix=/usr/local/Cellar/gcc@4.9/4.9.4_1 --libdir=/usr/local/Cellar/gcc@4.9/4.9.4_1/lib/gcc/4.9 --enable-languages=c,c++,objc,obj-c++,fortran --program-suffix=-4.9 --with-system-zlib --enable-libstdcxx-time=yes --enable-stage1-checking --enable-checking=release --enable-lto --enable-plugin --with-build-config=bootstrap-debug --disable-werror --with-pkgversion='Homebrew GCC 4.9.4_1' --with-bugurl=https://github.com/Homebrew/homebrew-core/issues MAKEINFO=missing --disable-nls --enable-multilib]
  ignore line: [Thread model: posix]
  ignore line: [gcc version 4.9.4 (Homebrew GCC 4.9.4_1) ]
  ignore line: [COMPILER_PATH=/usr/local/Cellar/gcc@4.9/4.9.4_1/libexec/gcc/x86_64-apple-darwin17.3.0/4.9.4/:/usr/local/Cellar/gcc@4.9/4.9.4_1/libexec/gcc/x86_64-apple-darwin17.3.0/4.9.4/:/usr/local/Cellar/gcc@4.9/4.9.4_1/libexec/gcc/x86_64-apple-darwin17.3.0/:/usr/local/Cellar/gcc@4.9/4.9.4_1/lib/gcc/4.9/gcc/x86_64-apple-darwin17.3.0/4.9.4/:/usr/local/Cellar/gcc@4.9/4.9.4_1/lib/gcc/4.9/gcc/x86_64-apple-darwin17.3.0/]
  ignore line: [LIBRARY_PATH=/usr/local/Cellar/gcc@4.9/4.9.4_1/lib/gcc/4.9/gcc/x86_64-apple-darwin17.3.0/4.9.4/:/usr/local/Cellar/gcc@4.9/4.9.4_1/lib/gcc/4.9/gcc/x86_64-apple-darwin17.3.0/4.9.4/../../../:/usr/lib/]
  ignore line: [COLLECT_GCC_OPTIONS='-mmacosx-version-min=10.15.3' '-isysroot' '/Library/Developer/CommandLineTools/SDKs/MacOSX10.15.sdk' '-v' '-o' 'cmTC_dfd5c' '-shared-libgcc' '-mtune=core2']
  link line: [ /usr/local/Cellar/gcc@4.9/4.9.4_1/libexec/gcc/x86_64-apple-darwin17.3.0/4.9.4/collect2 -dynamic -arch x86_64 -macosx_version_min 10.15.3 -syslibroot /Library/Developer/CommandLineTools/SDKs/MacOSX10.15.sdk -weak_reference_mismatches non-weak -o cmTC_dfd5c -L/usr/local/Cellar/gcc@4.9/4.9.4_1/lib/gcc/4.9/gcc/x86_64-apple-darwin17.3.0/4.9.4 -L/usr/local/Cellar/gcc@4.9/4.9.4_1/lib/gcc/4.9/gcc/x86_64-apple-darwin17.3.0/4.9.4/../../.. -search_paths_first -headerpad_max_install_names -v CMakeFiles/cmTC_dfd5c.dir/CMakeCXXCompilerABI.cpp.o -lstdc++ -no_compact_unwind -lSystem -lgcc_ext.10.5 -lgcc -lSystem -v]
    arg [/usr/local/Cellar/gcc@4.9/4.9.4_1/libexec/gcc/x86_64-apple-darwin17.3.0/4.9.4/collect2] ==> ignore
    arg [-dynamic] ==> ignore
    arg [-arch] ==> ignore
    arg [x86_64] ==> ignore
    arg [-macosx_version_min] ==> ignore
    arg [10.15.3] ==> ignore
    arg [-syslibroot] ==> ignore
    arg [/Library/Developer/CommandLineTools/SDKs/MacOSX10.15.sdk] ==> ignore
    arg [-weak_reference_mismatches] ==> ignore
    arg [non-weak] ==> ignore
    arg [-o] ==> ignore
    arg [cmTC_dfd5c] ==> ignore
    arg [-L/usr/local/Cellar/gcc@4.9/4.9.4_1/lib/gcc/4.9/gcc/x86_64-apple-darwin17.3.0/4.9.4] ==> dir [/usr/local/Cellar/gcc@4.9/4.9.4_1/lib/gcc/4.9/gcc/x86_64-apple-darwin17.3.0/4.9.4]
    arg [-L/usr/local/Cellar/gcc@4.9/4.9.4_1/lib/gcc/4.9/gcc/x86_64-apple-darwin17.3.0/4.9.4/../../..] ==> dir [/usr/local/Cellar/gcc@4.9/4.9.4_1/lib/gcc/4.9/gcc/x86_64-apple-darwin17.3.0/4.9.4/../../..]
    arg [-search_paths_first] ==> ignore
    arg [-headerpad_max_install_names] ==> ignore
    arg [-v] ==> ignore
    arg [CMakeFiles/cmTC_dfd5c.dir/CMakeCXXCompilerABI.cpp.o] ==> ignore
    arg [-lstdc++] ==> lib [stdc++]
    arg [-no_compact_unwind] ==> ignore
    arg [-lSystem] ==> lib [System]
    arg [-lgcc_ext.10.5] ==> lib [gcc_ext.10.5]
    arg [-lgcc] ==> lib [gcc]
    arg [-lSystem] ==> lib [System]
    arg [-v] ==> ignore
  Library search paths: [;/usr/local/Cellar/gcc@4.9/4.9.4_1/lib/gcc/4.9/gcc/x86_64-apple-darwin17.3.0/4.9.4;/usr/local/Cellar/gcc@4.9/4.9.4_1/lib/gcc/4.9;/Library/Developer/CommandLineTools/SDKs/MacOSX10.15.sdk/usr/lib]
  Framework search paths: [;/Library/Developer/CommandLineTools/SDKs/MacOSX10.15.sdk/System/Library/Frameworks/]
  remove lib [System]
  remove lib [System]
  collapse library dir [/usr/local/Cellar/gcc@4.9/4.9.4_1/lib/gcc/4.9/gcc/x86_64-apple-darwin17.3.0/4.9.4] ==> [/usr/local/Cellar/gcc@4.9/4.9.4_1/lib/gcc/4.9/gcc/x86_64-apple-darwin17.3.0/4.9.4]
  collapse library dir [/usr/local/Cellar/gcc@4.9/4.9.4_1/lib/gcc/4.9/gcc/x86_64-apple-darwin17.3.0/4.9.4/../../..] ==> [/usr/local/Cellar/gcc@4.9/4.9.4_1/lib/gcc/4.9]
  collapse library dir [/usr/local/Cellar/gcc@4.9/4.9.4_1/lib/gcc/4.9/gcc/x86_64-apple-darwin17.3.0/4.9.4] ==> [/usr/local/Cellar/gcc@4.9/4.9.4_1/lib/gcc/4.9/gcc/x86_64-apple-darwin17.3.0/4.9.4]
  collapse library dir [/usr/local/Cellar/gcc@4.9/4.9.4_1/lib/gcc/4.9] ==> [/usr/local/Cellar/gcc@4.9/4.9.4_1/lib/gcc/4.9]
  collapse library dir [/Library/Developer/CommandLineTools/SDKs/MacOSX10.15.sdk/usr/lib] ==> [/Library/Developer/CommandLineTools/SDKs/MacOSX10.15.sdk/usr/lib]
  collapse framework dir [/Library/Developer/CommandLineTools/SDKs/MacOSX10.15.sdk/System/Library/Frameworks/] ==> [/Library/Developer/CommandLineTools/SDKs/MacOSX10.15.sdk/System/Library/Frameworks]
  implicit libs: [stdc++;gcc_ext.10.5;gcc]
  implicit dirs: [/usr/local/Cellar/gcc@4.9/4.9.4_1/lib/gcc/4.9/gcc/x86_64-apple-darwin17.3.0/4.9.4;/usr/local/Cellar/gcc@4.9/4.9.4_1/lib/gcc/4.9;/Library/Developer/CommandLineTools/SDKs/MacOSX10.15.sdk/usr/lib]
  implicit fwks: [/Library/Developer/CommandLineTools/SDKs/MacOSX10.15.sdk/System/Library/Frameworks]




Detecting CXX [-std=c++14] compiler features compiled with the following output:
Change Dir: /Users/ginray/CLionProjects/huawei_contest/cmake-build-debug/CMakeFiles/CMakeTmp

Run Build Command:"/usr/bin/make" "cmTC_b0a09/fast"
/Library/Developer/CommandLineTools/usr/bin/make -f CMakeFiles/cmTC_b0a09.dir/build.make CMakeFiles/cmTC_b0a09.dir/build
Building CXX object CMakeFiles/cmTC_b0a09.dir/feature_tests.cxx.o
/usr/local/Cellar/gcc@4.9/4.9.4_1/bin/g++-4.9    -isysroot /Library/Developer/CommandLineTools/SDKs/MacOSX10.15.sdk   -std=c++14 -o CMakeFiles/cmTC_b0a09.dir/feature_tests.cxx.o -c /Users/ginray/CLionProjects/huawei_contest/cmake-build-debug/CMakeFiles/feature_tests.cxx
Linking CXX executable cmTC_b0a09
/Applications/CLion.app/Contents/bin/cmake/mac/bin/cmake -E cmake_link_script CMakeFiles/cmTC_b0a09.dir/link.txt --verbose=1
/usr/local/Cellar/gcc@4.9/4.9.4_1/bin/g++-4.9    -isysroot /Library/Developer/CommandLineTools/SDKs/MacOSX10.15.sdk -Wl,-search_paths_first -Wl,-headerpad_max_install_names   CMakeFiles/cmTC_b0a09.dir/feature_tests.cxx.o  -o cmTC_b0a09 


    Feature record: CXX_FEATURE:0cxx_aggregate_default_initializers
    Feature record: CXX_FEATURE:1cxx_alias_templates
    Feature record: CXX_FEATURE:1cxx_alignas
    Feature record: CXX_FEATURE:1cxx_alignof
    Feature record: CXX_FEATURE:1cxx_attributes
    Feature record: CXX_FEATURE:1cxx_attribute_deprecated
    Feature record: CXX_FEATURE:1cxx_auto_type
    Feature record: CXX_FEATURE:1cxx_binary_literals
    Feature record: CXX_FEATURE:1cxx_constexpr
    Feature record: CXX_FEATURE:1cxx_contextual_conversions
    Feature record: CXX_FEATURE:1cxx_decltype
    Feature record: CXX_FEATURE:1cxx_decltype_auto
    Feature record: CXX_FEATURE:1cxx_decltype_incomplete_return_types
    Feature record: CXX_FEATURE:1cxx_default_function_template_args
    Feature record: CXX_FEATURE:1cxx_defaulted_functions
    Feature record: CXX_FEATURE:1cxx_defaulted_move_initializers
    Feature record: CXX_FEATURE:1cxx_delegating_constructors
    Feature record: CXX_FEATURE:1cxx_deleted_functions
    Feature record: CXX_FEATURE:1cxx_digit_separators
    Feature record: CXX_FEATURE:1cxx_enum_forward_declarations
    Feature record: CXX_FEATURE:1cxx_explicit_conversions
    Feature record: CXX_FEATURE:1cxx_extended_friend_declarations
    Feature record: CXX_FEATURE:1cxx_extern_templates
    Feature record: CXX_FEATURE:1cxx_final
    Feature record: CXX_FEATURE:1cxx_func_identifier
    Feature record: CXX_FEATURE:1cxx_generalized_initializers
    Feature record: CXX_FEATURE:1cxx_generic_lambdas
    Feature record: CXX_FEATURE:1cxx_inheriting_constructors
    Feature record: CXX_FEATURE:1cxx_inline_namespaces
    Feature record: CXX_FEATURE:1cxx_lambdas
    Feature record: CXX_FEATURE:1cxx_lambda_init_captures
    Feature record: CXX_FEATURE:1cxx_local_type_template_args
    Feature record: CXX_FEATURE:1cxx_long_long_type
    Feature record: CXX_FEATURE:1cxx_noexcept
    Feature record: CXX_FEATURE:1cxx_nonstatic_member_init
    Feature record: CXX_FEATURE:1cxx_nullptr
    Feature record: CXX_FEATURE:1cxx_override
    Feature record: CXX_FEATURE:1cxx_range_for
    Feature record: CXX_FEATURE:1cxx_raw_string_literals
    Feature record: CXX_FEATURE:1cxx_reference_qualified_functions
    Feature record: CXX_FEATURE:0cxx_relaxed_constexpr
    Feature record: CXX_FEATURE:1cxx_return_type_deduction
    Feature record: CXX_FEATURE:1cxx_right_angle_brackets
    Feature record: CXX_FEATURE:1cxx_rvalue_references
    Feature record: CXX_FEATURE:1cxx_sizeof_member
    Feature record: CXX_FEATURE:1cxx_static_assert
    Feature record: CXX_FEATURE:1cxx_strong_enums
    Feature record: CXX_FEATURE:1cxx_template_template_parameters
    Feature record: CXX_FEATURE:1cxx_thread_local
    Feature record: CXX_FEATURE:1cxx_trailing_return_types
    Feature record: CXX_FEATURE:1cxx_unicode_literals
    Feature record: CXX_FEATURE:1cxx_uniform_initialization
    Feature record: CXX_FEATURE:1cxx_unrestricted_unions
    Feature record: CXX_FEATURE:1cxx_user_literals
    Feature record: CXX_FEATURE:0cxx_variable_templates
    Feature record: CXX_FEATURE:1cxx_variadic_macros
    Feature record: CXX_FEATURE:1cxx_variadic_templates


Detecting CXX [-std=c++11] compiler features compiled with the following output:
Change Dir: /Users/ginray/CLionProjects/huawei_contest/cmake-build-debug/CMakeFiles/CMakeTmp

Run Build Command:"/usr/bin/make" "cmTC_92756/fast"
/Library/Developer/CommandLineTools/usr/bin/make -f CMakeFiles/cmTC_92756.dir/build.make CMakeFiles/cmTC_92756.dir/build
Building CXX object CMakeFiles/cmTC_92756.dir/feature_tests.cxx.o
/usr/local/Cellar/gcc@4.9/4.9.4_1/bin/g++-4.9    -isysroot /Library/Developer/CommandLineTools/SDKs/MacOSX10.15.sdk   -std=c++11 -o CMakeFiles/cmTC_92756.dir/feature_tests.cxx.o -c /Users/ginray/CLionProjects/huawei_contest/cmake-build-debug/CMakeFiles/feature_tests.cxx
Linking CXX executable cmTC_92756
/Applications/CLion.app/Contents/bin/cmake/mac/bin/cmake -E cmake_link_script CMakeFiles/cmTC_92756.dir/link.txt --verbose=1
/usr/local/Cellar/gcc@4.9/4.9.4_1/bin/g++-4.9    -isysroot /Library/Developer/CommandLineTools/SDKs/MacOSX10.15.sdk -Wl,-search_paths_first -Wl,-headerpad_max_install_names   CMakeFiles/cmTC_92756.dir/feature_tests.cxx.o  -o cmTC_92756 


    Feature record: CXX_FEATURE:0cxx_aggregate_default_initializers
    Feature record: CXX_FEATURE:1cxx_alias_templates
    Feature record: CXX_FEATURE:1cxx_alignas
    Feature record: CXX_FEATURE:1cxx_alignof
    Feature record: CXX_FEATURE:1cxx_attributes
    Feature record: CXX_FEATURE:0cxx_attribute_deprecated
    Feature record: CXX_FEATURE:1cxx_auto_type
    Feature record: CXX_FEATURE:0cxx_binary_literals
    Feature record: CXX_FEATURE:1cxx_constexpr
    Feature record: CXX_FEATURE:0cxx_contextual_conversions
    Feature record: CXX_FEATURE:1cxx_decltype
    Feature record: CXX_FEATURE:0cxx_decltype_auto
    Feature record: CXX_FEATURE:1cxx_decltype_incomplete_return_types
    Feature record: CXX_FEATURE:1cxx_default_function_template_args
    Feature record: CXX_FEATURE:1cxx_defaulted_functions
    Feature record: CXX_FEATURE:1cxx_defaulted_move_initializers
    Feature record: CXX_FEATURE:1cxx_delegating_constructors
    Feature record: CXX_FEATURE:1cxx_deleted_functions
    Feature record: CXX_FEATURE:0cxx_digit_separators
    Feature record: CXX_FEATURE:1cxx_enum_forward_declarations
    Feature record: CXX_FEATURE:1cxx_explicit_conversions
    Feature record: CXX_FEATURE:1cxx_extended_friend_declarations
    Feature record: CXX_FEATURE:1cxx_extern_templates
    Feature record: CXX_FEATURE:1cxx_final
    Feature record: CXX_FEATURE:1cxx_func_identifier
    Feature record: CXX_FEATURE:1cxx_generalized_initializers
    Feature record: CXX_FEATURE:0cxx_generic_lambdas
    Feature record: CXX_FEATURE:1cxx_inheriting_constructors
    Feature record: CXX_FEATURE:1cxx_inline_namespaces
    Feature record: CXX_FEATURE:1cxx_lambdas
    Feature record: CXX_FEATURE:0cxx_lambda_init_captures
    Feature record: CXX_FEATURE:1cxx_local_type_template_args
    Feature record: CXX_FEATURE:1cxx_long_long_type
    Feature record: CXX_FEATURE:1cxx_noexcept
    Feature record: CXX_FEATURE:1cxx_nonstatic_member_init
    Feature record: CXX_FEATURE:1cxx_nullptr
    Feature record: CXX_FEATURE:1cxx_override
    Feature record: CXX_FEATURE:1cxx_range_for
    Feature record: CXX_FEATURE:1cxx_raw_string_literals
    Feature record: CXX_FEATURE:1cxx_reference_qualified_functions
    Feature record: CXX_FEATURE:0cxx_relaxed_constexpr
    Feature record: CXX_FEATURE:0cxx_return_type_deduction
    Feature record: CXX_FEATURE:1cxx_right_angle_brackets
    Feature record: CXX_FEATURE:1cxx_rvalue_references
    Feature record: CXX_FEATURE:1cxx_sizeof_member
    Feature record: CXX_FEATURE:1cxx_static_assert
    Feature record: CXX_FEATURE:1cxx_strong_enums
    Feature record: CXX_FEATURE:1cxx_template_template_parameters
    Feature record: CXX_FEATURE:1cxx_thread_local
    Feature record: CXX_FEATURE:1cxx_trailing_return_types
    Feature record: CXX_FEATURE:1cxx_unicode_literals
    Feature record: CXX_FEATURE:1cxx_uniform_initialization
    Feature record: CXX_FEATURE:1cxx_unrestricted_unions
    Feature record: CXX_FEATURE:1cxx_user_literals
    Feature record: CXX_FEATURE:0cxx_variable_templates
    Feature record: CXX_FEATURE:1cxx_variadic_macros
    Feature record: CXX_FEATURE:1cxx_variadic_templates


Detecting CXX [-std=c++98] compiler features compiled with the following output:
Change Dir: /Users/ginray/CLionProjects/huawei_contest/cmake-build-debug/CMakeFiles/CMakeTmp

Run Build Command:"/usr/bin/make" "cmTC_35136/fast"
/Library/Developer/CommandLineTools/usr/bin/make -f CMakeFiles/cmTC_35136.dir/build.make CMakeFiles/cmTC_35136.dir/build
Building CXX object CMakeFiles/cmTC_35136.dir/feature_tests.cxx.o
/usr/local/Cellar/gcc@4.9/4.9.4_1/bin/g++-4.9    -isysroot /Library/Developer/CommandLineTools/SDKs/MacOSX10.15.sdk   -std=c++98 -o CMakeFiles/cmTC_35136.dir/feature_tests.cxx.o -c /Users/ginray/CLionProjects/huawei_contest/cmake-build-debug/CMakeFiles/feature_tests.cxx
Linking CXX executable cmTC_35136
/Applications/CLion.app/Contents/bin/cmake/mac/bin/cmake -E cmake_link_script CMakeFiles/cmTC_35136.dir/link.txt --verbose=1
/usr/local/Cellar/gcc@4.9/4.9.4_1/bin/g++-4.9    -isysroot /Library/Developer/CommandLineTools/SDKs/MacOSX10.15.sdk -Wl,-search_paths_first -Wl,-headerpad_max_install_names   CMakeFiles/cmTC_35136.dir/feature_tests.cxx.o  -o cmTC_35136 


    Feature record: CXX_FEATURE:0cxx_aggregate_default_initializers
    Feature record: CXX_FEATURE:0cxx_alias_templates
    Feature record: CXX_FEATURE:0cxx_alignas
    Feature record: CXX_FEATURE:0cxx_alignof
    Feature record: CXX_FEATURE:0cxx_attributes
    Feature record: CXX_FEATURE:0cxx_attribute_deprecated
    Feature record: CXX_FEATURE:0cxx_auto_type
    Feature record: CXX_FEATURE:0cxx_binary_literals
    Feature record: CXX_FEATURE:0cxx_constexpr
    Feature record: CXX_FEATURE:0cxx_contextual_conversions
    Feature record: CXX_FEATURE:0cxx_decltype
    Feature record: CXX_FEATURE:0cxx_decltype_auto
    Feature record: CXX_FEATURE:0cxx_decltype_incomplete_return_types
    Feature record: CXX_FEATURE:0cxx_default_function_template_args
    Feature record: CXX_FEATURE:0cxx_defaulted_functions
    Feature record: CXX_FEATURE:0cxx_defaulted_move_initializers
    Feature record: CXX_FEATURE:0cxx_delegating_constructors
    Feature record: CXX_FEATURE:0cxx_deleted_functions
    Feature record: CXX_FEATURE:0cxx_digit_separators
    Feature record: CXX_FEATURE:0cxx_enum_forward_declarations
    Feature record: CXX_FEATURE:0cxx_explicit_conversions
    Feature record: CXX_FEATURE:0cxx_extended_friend_declarations
    Feature record: CXX_FEATURE:0cxx_extern_templates
    Feature record: CXX_FEATURE:0cxx_final
    Feature record: CXX_FEATURE:0cxx_func_identifier
    Feature record: CXX_FEATURE:0cxx_generalized_initializers
    Feature record: CXX_FEATURE:0cxx_generic_lambdas
    Feature record: CXX_FEATURE:0cxx_inheriting_constructors
    Feature record: CXX_FEATURE:0cxx_inline_namespaces
    Feature record: CXX_FEATURE:0cxx_lambdas
    Feature record: CXX_FEATURE:0cxx_lambda_init_captures
    Feature record: CXX_FEATURE:0cxx_local_type_template_args
    Feature record: CXX_FEATURE:0cxx_long_long_type
    Feature record: CXX_FEATURE:0cxx_noexcept
    Feature record: CXX_FEATURE:0cxx_nonstatic_member_init
    Feature record: CXX_FEATURE:0cxx_nullptr
    Feature record: CXX_FEATURE:0cxx_override
    Feature record: CXX_FEATURE:0cxx_range_for
    Feature record: CXX_FEATURE:0cxx_raw_string_literals
    Feature record: CXX_FEATURE:0cxx_reference_qualified_functions
    Feature record: CXX_FEATURE:0cxx_relaxed_constexpr
    Feature record: CXX_FEATURE:0cxx_return_type_deduction
    Feature record: CXX_FEATURE:0cxx_right_angle_brackets
    Feature record: CXX_FEATURE:0cxx_rvalue_references
    Feature record: CXX_FEATURE:0cxx_sizeof_member
    Feature record: CXX_FEATURE:0cxx_static_assert
    Feature record: CXX_FEATURE:0cxx_strong_enums
    Feature record: CXX_FEATURE:1cxx_template_template_parameters
    Feature record: CXX_FEATURE:0cxx_thread_local
    Feature record: CXX_FEATURE:0cxx_trailing_return_types
    Feature record: CXX_FEATURE:0cxx_unicode_literals
    Feature record: CXX_FEATURE:0cxx_uniform_initialization
    Feature record: CXX_FEATURE:0cxx_unrestricted_unions
    Feature record: CXX_FEATURE:0cxx_user_literals
    Feature record: CXX_FEATURE:0cxx_variable_templates
    Feature record: CXX_FEATURE:0cxx_variadic_macros
    Feature record: CXX_FEATURE:0cxx_variadic_templates
